C251 COMPILER V5.60.0,  ALLInit                                                            26/05/24  17:09:19  PAGE 1   


C251 COMPILER V5.60.0, COMPILATION OF MODULE ALLInit
OBJECT MODULE PLACED IN .\Out_File\ALLInit.obj
COMPILER INVOKED BY: F:\Keil_c251\C251\BIN\C251.EXE ..\USER\Hardware\ALLInit.c XSMALL WARNINGLEVEL(3) OPTIMIZE(0,SPEED) 
                    -BROWSE INCDIR(..\..\Libraries\libraries;..\..\Libraries\seekfree_libraries;..\..\Libraries\seekfree_peripheral;..\CODE;.
                    -.\USER\inc;..\USER\src;..\USER\Hardware;..\USER\Hardware) DEBUG PRINT(.\Out_File\ALLInit.lst) TABS(2) OBJECT(.\Out_File\
                    -ALLInit.obj) 

stmt  level    source

    1          #include "myconfig.h"
    2          
    3          /**
    4           * @brief 所有引脚初始化
    5           *
    6           */
    7          void GPIO_Init(void)
    8          {
    9   1          //********电机方向引脚*********//
   10   1          gpio_mode(P4_2, GPO_PP); // Lift
   11   1          gpio_mode(P5_2, GPO_PP); // Right
   12   1          //********RGB与Buzzer********//
   13   1         gpio_mode(P1_3, GPO_PP); // RGB
   14   1         gpio_mode(P1_5, GPO_PP); // RGB
   15   1         gpio_mode(P4_1, GPO_PP); // Buzzer
   16   1         P41 = 0;
   17   1         P13 = 0;
   18   1         P15 = 0;
   19   1      }
   20          
   21          /**
   22           * @brief 所有外设初始化
   23           *
   24           */
   25          void ALL_Peripheral_Init(void)
   26          {
   27   1      
   28   1          //mpu6050_init();
   29   1          imu660ra_init(); // 陀螺仪初始化
   30   1          uart_init(UART_1, UART1_RX_P30, UART1_TX_P31, 1000000, TIM_2);
   31   1          oled_init();
   32   1          oled_fill(0x00);
   33   1          delay_init();
   34   1          Inductance_Init(); // adc采集初始化
   35   1          Motor_Init();      // 电机初始化
   36   1          Motor_SET_PID(Motor_P, Motor_I, 0);
   37   1          dl1a_init();
   38   1          Encoder_Time_Init();
   39   1      }


Module Information          Static   Overlayable
------------------------------------------------
  code size            =       135     ------
  ecode size           =    ------     ------
  data size            =    ------     ------
  idata size           =    ------     ------
  pdata size           =    ------     ------
  xdata size           =    ------     ------
  xdata-const size     =    ------     ------
  edata size           =    ------     ------
  bit size             =    ------     ------
  ebit size            =    ------     ------
  bitaddressable size  =    ------     ------
  ebitaddressable size =    ------     ------
  far data size        =    ------     ------
  huge data size       =    ------     ------
C251 COMPILER V5.60.0,  ALLInit                                                            26/05/24  17:09:19  PAGE 2   

  const size           =    ------     ------
  hconst size          =    ------     ------
End of Module Information.


C251 COMPILATION COMPLETE.  0 WARNING(S),  0 ERROR(S)
