C251 COMPILER V5.60.0,  common                                                             17/05/24  19:14:47  PAGE 1   


C251 COMPILER V5.60.0, COMPILATION OF MODULE common
OBJECT MODULE PLACED IN .\Out_File\common.obj
COMPILER INVOKED BY: F:\Keil_c251\C251\BIN\C251.EXE ..\..\Libraries\libraries\common.c XSMALL WARNINGLEVEL(3) OPTIMIZE(0
                    -,SPEED) BROWSE INCDIR(..\..\Libraries\libraries;..\..\Libraries\seekfree_libraries;..\..\Libraries\seekfree_peripheral;.
                    -.\CODE;..\USER\inc;..\USER\src;..\USER\Hardware;..\USER\Hardware) DEBUG PRINT(.\Out_File\common.lst) TABS(2) OBJECT(.\Ou
                    -t_File\common.obj) 

stmt  level    source

    1            /******************************************************************************************************
             -***************
    2           * COPYRIGHT NOTICE
    3           * Copyright (c) 2020,?????
    4           * All rights reserved.
    5           * ????????QQ???????179029047(????)  ?????244861897(????)  ?????824575535
    6           *
    7           * ??????????????????????????§µ?¦Ä??????????????????????
    8           * ?????¦Ë??¨°????????????????????????????????????????
    9           *
   10           * @file          common
   11           * @company       ??????????????
   12           * @author        ?????(QQ790875685)
   13           * @version       ??doc??version??? ?·Ú???
   14           * @Software    MDK FOR C251 V5.60
   15           * @Target core   STC32F12K
   16           * @Taobao      https://seekfree.taobao.com/
   17           * @date          2020-4-14
   18           ********************************************************************************************************
             -************/
   19          
   20          
   21          #include "common.h"
   22          #include "intrins.h"
   23          
   24          
   25          //???????????
   26          WIRELESS_TYPE_enum wireless_type = NO_WIRELESS_MODE;


Module Information          Static   Overlayable
------------------------------------------------
  code size            =    ------     ------
  ecode size           =    ------     ------
  data size            =    ------     ------
  idata size           =    ------     ------
  pdata size           =    ------     ------
  xdata size           =    ------     ------
  xdata-const size     =    ------     ------
  edata size           =         2     ------
  bit size             =    ------     ------
  ebit size            =    ------     ------
  bitaddressable size  =    ------     ------
  ebitaddressable size =    ------     ------
  far data size        =    ------     ------
  huge data size       =    ------     ------
  const size           =    ------     ------
  hconst size          =         6     ------
End of Module Information.


C251 COMPILATION COMPLETE.  0 WARNING(S),  0 ERROR(S)
