C251 COMPILER V5.60.0,  main                                                               04/05/24  21:51:52  PAGE 1   


C251 COMPILER V5.60.0, COMPILATION OF MODULE main
OBJECT MODULE PLACED IN .\Out_File\main.obj
COMPILER INVOKED BY: E:\Keil5C251\C251\BIN\C251.EXE ..\USER\src\main.c XSMALL WARNINGLEVEL(3) OPTIMIZE(0,SPEED) BROWSE I
                    -NCDIR(..\..\Libraries\libraries;..\..\Libraries\seekfree_libraries;..\..\Libraries\seekfree_peripheral;..\CODE;..\USER\i
                    -nc;..\USER\src;..\USER\Hardware;..\USER\Hardware) DEBUG PRINT(.\Out_File\main.lst) TABS(2) OBJECT(.\Out_File\main.obj) 

stmt  level    source

    1          
    2          #include "headfile.h"
    3          //你不玩原神，小车怎么启动啊 ! ! !
    4          
    5          
    6          /**
    7          *@Pin Motor:42,14(pwm),52,17(pwm)
    8          *@Pin ADC: P03,02,01,11,10,06,02,10;P05(给采集电池电压)
    9          *@Pin TFT: P25,23,20,21,22,27
   10          *@Pin Encoder : P34-L P35-R  与GND上   计高低电平 P16-L P50-R TIM4 与VCC下
   11          *@Pin KEY_Pin   P37（上，加）,36（确定）,45（下，减）,43（返回）
   12          *@Pin TOF  IIC SDA: P15 SCL 33 24 51
   13          *@Pin mpu6050 SCL P40 SDA P41
   14          *@Pin 下载: UART1_RX_P30, UART1_TX_P31
   15          *@Pin Buzzer: P13
   16          *@Pin RGB: P26
   17          **/  
   18          
   19          
   20          #include "myconfig.h"
   21          
   22          
   23          //注意10000是最大占空比 PWM
   24          
   25          //圣经：小车不会因为你把他弄得太丑，他只会嫌弃自己让你在终点等的太久
   26          
   27          // 关于内核频率的设定，可以查看board.h文件
   28          // 在board_init中,已经将P54引脚设置为复位
   29          // 如果需要使用P54引脚,可以在board.c文件中的board_init()函数中删除SET_P54_RESRT即可
   30          
   31          int flag=0;
   32          int menu = 0;
   33          void main()
   34          {
   35   1        int i=0;
   36   1        int32 ns_delay = 0xffffffff;
   37   1        clock_init(SYSTEM_CLOCK_56M); // 初始化系统频率,勿删除此句代码。
   38   1        board_init();         // 初始化寄存器,勿删除此句代码。
   39   1          // 此处编写用户代码 例如外设初始化代码等
   40   1        GPIO_Init();
   41   1        ALL_Peripheral_Init();
   42   1        
   43   1        while (1)
   44   1        {
   45   2          // mpu6050_get_gyro();
   46   2          // menu = First_menu();
   47   2          //RGB_Show();
   48   2          RGB_Color(255, 255, 0);
   49   2          // if(menu == 1) Second_Element_menu();
   50   2          // if(menu == 2) Second_Motor_menu();
   51   2          // if(menu == 3) Second__NWHuan_menu();
   52   2          // if(menu == 4) Second__Speed_menu();
   53   2          // if(menu == 5) Show_Val_Menu();
   54   2          // if(menu == 6){
   55   2          //  flag=1;
   56   2          //   oled_printf_float(45,4,angle1,5,6);
   57   2          //  if(flag == 1)
C251 COMPILER V5.60.0,  main                                                               04/05/24  21:51:52  PAGE 2   

   58   2          //  {
   59   2          //    Encoder_Time_Init();
   60   2          //    flag = 0;
   61   2          //  }
   62   2          //  menu = 0;
   63   2          // }
   64   2        }
   65   1      }
   66          
   67          
   68          
   69                                               


Module Information          Static   Overlayable
------------------------------------------------
  code size            =        47     ------
  ecode size           =    ------     ------
  data size            =    ------     ------
  idata size           =    ------     ------
  pdata size           =    ------     ------
  xdata size           =    ------     ------
  xdata-const size     =    ------     ------
  edata size           =        10     ------
  bit size             =    ------     ------
  ebit size            =    ------     ------
  bitaddressable size  =    ------     ------
  ebitaddressable size =    ------     ------
  far data size        =    ------     ------
  huge data size       =    ------     ------
  const size           =    ------     ------
  hconst size          =        12     ------
End of Module Information.


C251 COMPILATION COMPLETE.  0 WARNING(S),  0 ERROR(S)
