C251 COMPILER V5.60.0,  vofa                                                               24/03/24  18:20:22  PAGE 1   


C251 COMPILER V5.60.0, COMPILATION OF MODULE vofa
OBJECT MODULE PLACED IN .\Out_File\vofa.obj
COMPILER INVOKED BY: E:\Keil5C251\C251\BIN\C251.EXE ..\USER\Hardware\vofa.c XSMALL WARNINGLEVEL(3) OPTIMIZE(0,SPEED) BRO
                    -WSE INCDIR(..\..\Libraries\libraries;..\..\Libraries\seekfree_libraries;..\..\Libraries\seekfree_peripheral;..\CODE;..\U
                    -SER\inc;..\USER\src;..\USER\Hardware;..\USER\Hardware) DEBUG PRINT(.\Out_File\vofa.lst) TABS(2) OBJECT(.\Out_File\vofa.o
                    -bj) 

stmt  level    source

    1          /*
    2           * @Description: 
    3           * @Author: Yzhi
    4           * @Date: 2023-11-17 21:28:09
    5           * @LastEditTime: 2023-11-17 21:30:23
    6           * @LastEditors: Yzhi
    7           */
    8          #include "myconfig.h"
    9          
   10          char DataToSend[128];
   11          #define BYTE3(dwTemp)       (*(char *)(&dwTemp))
   12          #define BYTE2(dwTemp)       (*((char *)(&dwTemp) + 1))
   13          #define BYTE1(dwTemp)       (*((char *)(&dwTemp) + 2))
   14          #define BYTE0(dwTemp)       (*((char *)(&dwTemp) + 3))
   15          
   16           void Send4DataToVofa(float _a,float _b, float _c, float _d,float _e,float _f)
   17           {
   18   1        uint8 i = 0;
   19   1        uint8 _cnt=0;
   20   1          DataToSend[_cnt++]=0x00;
   21   1          DataToSend[_cnt++]=0x00;
   22   1          DataToSend[_cnt++]=0x80;
   23   1          DataToSend[_cnt++]=0x7f;
   24   1          DataToSend[_cnt++]=BYTE0(_a);
   25   1          DataToSend[_cnt++]=BYTE1(_a);
   26   1          DataToSend[_cnt++]=BYTE2(_a);
   27   1          DataToSend[_cnt++]=BYTE3(_a);
   28   1      
   29   1          DataToSend[_cnt++]=BYTE0(_b);
   30   1          DataToSend[_cnt++]=BYTE1(_b);
   31   1          DataToSend[_cnt++]=BYTE2(_b);
   32   1          DataToSend[_cnt++]=BYTE3(_b);
   33   1           
   34   1          DataToSend[_cnt++]=BYTE0(_c);
   35   1          DataToSend[_cnt++]=BYTE1(_c);
   36   1          DataToSend[_cnt++]=BYTE2(_c);
   37   1          DataToSend[_cnt++]=BYTE3(_c);
   38   1           
   39   1          DataToSend[_cnt++]=BYTE0(_d);
   40   1          DataToSend[_cnt++]=BYTE1(_d);
   41   1          DataToSend[_cnt++]=BYTE2(_d);
   42   1          DataToSend[_cnt++]=BYTE3(_d);
   43   1          
   44   1          DataToSend[_cnt++]=BYTE0(_e);
   45   1          DataToSend[_cnt++]=BYTE1(_e);
   46   1          DataToSend[_cnt++]=BYTE2(_e);
   47   1          DataToSend[_cnt++]=BYTE3(_e);
   48   1           
   49   1          DataToSend[_cnt++]=BYTE0(_f);
   50   1          DataToSend[_cnt++]=BYTE1(_f);
   51   1          DataToSend[_cnt++]=BYTE2(_f);
   52   1          DataToSend[_cnt++]=BYTE3(_f);
   53   1           
   54   1        for(i = 0;i < _cnt;i++)
   55   1        {
   56   2          uart_putchar(UART_1,DataToSend[i]);
C251 COMPILER V5.60.0,  vofa                                                               24/03/24  18:20:22  PAGE 2   

   57   2        }
   58   1       }


Module Information          Static   Overlayable
------------------------------------------------
  code size            =       993     ------
  ecode size           =    ------     ------
  data size            =    ------     ------
  idata size           =    ------     ------
  pdata size           =    ------     ------
  xdata size           =    ------     ------
  xdata-const size     =    ------     ------
  edata size           =       154     ------
  bit size             =    ------     ------
  ebit size            =    ------     ------
  bitaddressable size  =    ------     ------
  ebitaddressable size =    ------     ------
  far data size        =    ------     ------
  huge data size       =    ------     ------
  const size           =    ------     ------
  hconst size          =    ------     ------
End of Module Information.


C251 COMPILATION COMPLETE.  0 WARNING(S),  0 ERROR(S)
