Build target 'STC32F12K'
compiling SEEKFREE_MPU6050.c...
compiling SEEKFREE_OLED.c...
compiling isr.c...
compiling main.c...
..\USER\src\main.c(52): warning C140: 'Second_Motor_menu' undefined; assuming 'extern int Second_Motor_menu()'
compiling Inductance.c...
..\USER\Hardware\Inductance.c(159): warning C138: expression with possibly no effect
..\USER\Hardware\Inductance.c(72): warning C47: 'I2': unreferenced parameter
compiling Motor.c...
compiling encoder.c...
compiling direction.c...
..\USER\Hardware\direction.c(128): warning C57: parameter 1: different from declaration
compiling vofa.c...
..\USER\Hardware\vofa.c(16): warning C47: '_c': unreferenced parameter
..\USER\Hardware\vofa.c(16): warning C47: '_d': unreferenced parameter
..\USER\Hardware\vofa.c(16): warning C47: '_e': unreferenced parameter
..\USER\Hardware\vofa.c(16): warning C47: '_f': unreferenced parameter
compiling mpu6050.c...
compiling TrackElement.c...
..\USER\Hardware\TrackElement.c(110): warning C47: 'angle': unreferenced parameter
compiling menu.c...
..\USER\Hardware\menu.c(57): warning C96: 'Send4DataToVofa': too few actual parameters
..\USER\Hardware\menu.c(48): warning C47: 'c': unreferenced local variable
..\USER\Hardware\menu.c(214): warning C188: 'parameter 2': value truncated
..\USER\Hardware\menu.c(216): warning C188: 'parameter 2': value truncated
..\USER\Hardware\menu.c(219): warning C188: 'parameter 2': value truncated
..\USER\Hardware\menu.c(338): warning C188: 'parameter 2': value truncated
..\USER\Hardware\menu.c(340): warning C188: 'parameter 2': value truncated
..\USER\Hardware\menu.c(533): warning C188: 'parameter 2': value truncated
..\USER\Hardware\menu.c(535): warning C188: 'parameter 2': value truncated
compiling ALLInit.c...
compiling RGB.c...
linking...
Program Size: data=8.1 edata+hdata=4025 xdata=0 const=1645 code=35961
creating hex file from ".\Out_File\SEEKFREE"...
".\Out_File\SEEKFREE" - 0 Error(s), 18 Warning(s).
Build Time Elapsed:  00:00:02
