Build target 'STC32F12K'
compiling direction.c...
..\USER\Hardware\direction.c(106): warning C47: 'target': unreferenced parameter
..\USER\Hardware\direction.c(106): warning C47: 'p': unreferenced parameter
..\USER\Hardware\direction.c(106): warning C47: 'd': unreferenced parameter
..\USER\Hardware\direction.c(108): warning C47: 'error': unreferenced local variable
..\USER\Hardware\direction.c(110): warning C47: 'Output': unreferenced local variable
..\USER\Hardware\direction.c(110): warning C47: 'Angle_Speed': unreferenced local variable
..\USER\Hardware\direction.c(111): warning C47: 'error_derivative': unreferenced local variable
..\USER\Hardware\direction.c(126): warning C47: 'Angle_Speed': unreferenced local variable
..\USER\Hardware\direction.c(165): warning C57: parameter 1: different from declaration
..\USER\Hardware\direction.c(114): warning C135: 'Angle_Ring': no return value
..\USER\Hardware\direction.c(114): warning C135: 'Angle_Ring': no return value
..\USER\Hardware\direction.c(135): warning C135: 'Angle_Ring1': no return value
..\USER\Hardware\direction.c(135): warning C135: 'Angle_Ring1': no return value
..\USER\Hardware\direction.c(161): warning C135: 'Angle_Speed_Ring': no return value
..\USER\Hardware\direction.c(161): warning C135: 'Angle_Speed_Ring': no return value
linking...
Program Size: data=8.1 edata+hdata=4074 xdata=0 const=1683 code=36066
creating hex file from ".\Out_File\SEEKFREE"...
".\Out_File\SEEKFREE" - 0 Error(s), 15 Warning(s).
Build Time Elapsed:  00:00:00
